<?xml version="1.0" encoding="UTF-8"?>
<!-- Generated by org.testng.reporters.JUnitReportReporter -->
<testsuite hostname="LAPTOP-J81SHHRK" failures="0" tests="2" name="Testcases.DataProvider_DWS" time="21.070" errors="0" timestamp="2024-09-27T10:52:17 IST" skipped="0">
  <testcase classname="Testcases.DataProvider_DWS" name="search" time="13.732"/>
  <system-out/>
  <testcase classname="Testcases.DataProvider_DWS" name="search" time="7.338"/>
  <system-out/>
</testsuite> <!-- Testcases.DataProvider_DWS -->
