<?xml version="1.0" encoding="UTF-8"?>
<!-- Generated by org.testng.reporters.JUnitReportReporter -->
<testsuite hostname="LAPTOP-J81SHHRK" failures="0" tests="3" name="Testcases.Data_Provider" time="0.019" errors="0" timestamp="2024-09-27T10:54:24 IST" skipped="0">
  <testcase classname="Testcases.Data_Provider" name="TC1" time="0.016"/>
  <system-out/>
  <testcase classname="Testcases.Data_Provider" name="TC1" time="0.002"/>
  <system-out/>
  <testcase classname="Testcases.Data_Provider" name="TC1" time="0.001"/>
  <system-out/>
</testsuite> <!-- Testcases.Data_Provider -->
